<?xml version="1.0" encoding="UTF-8"?>
<!-- Generated by org.testng.reporters.JUnitReportReporter -->
<testsuite hostname="DESKTOP-BA2KINH" failures="0" tests="1" name="com.framework.testCases.TC_Login_01" time="13.330" errors="0" timestamp="17 Jan 2024 07:55:30 GMT">
  <testcase classname="com.framework.testCases.TC_Login_01" name="loginTest" time="13.330"/>
</testsuite> <!-- com.framework.testCases.TC_Login_01 -->
