<?xml version="1.0" encoding="UTF-8"?>
<!-- Generated by org.testng.reporters.JUnitReportReporter -->
<testsuite hostname="DESKTOP-BA2KINH" failures="0" tests="1" name="com.framework.testCases.TC_EzyThemes_02" time="72.274" errors="0" timestamp="2 Feb 2024 07:21:43 GMT">
  <testcase classname="com.framework.testCases.TC_EzyThemes_02" name="ezyThemes" time="72.274"/>
</testsuite> <!-- com.framework.testCases.TC_EzyThemes_02 -->
